<?xml version="1.0" encoding="UTF-8"?>
<!-- Generated by org.testng.reporters.JUnitReportReporter -->
<testsuite hostname="DESKTOP-3BAHVAA" failures="0" tests="2" name="com.test.api.APITest" time="5.589" errors="0" timestamp="2023-08-14T11:31:01 IST" skipped="0">
  <testcase classname="com.test.api.APITest" name="TC_01_GetListOfPetsWithValidStatus" time="4.358"/>
  <system-out/>
  <testcase classname="com.test.api.APITest" name="TC_02_GetListOfPetsWithInvalidStatus" time="1.231"/>
  <system-out/>
</testsuite> <!-- com.test.api.APITest -->
