<?xml version="1.0" encoding="UTF-8"?>
<!-- Generated by org.testng.reporters.JUnitReportReporter -->
<testsuite hostname="DESKTOP-3BAHVAA" failures="0" tests="4" name="com.test.testcase.LoginTest" time="101.440" errors="0" timestamp="2023-08-14T11:30:36 IST" skipped="0">
  <testcase classname="com.test.testcase.LoginTest" name="TC_001_verifyLoginFunctionalitywithDifferentUsers" time="20.079"/>
  <system-out/>
  <testcase classname="com.test.testcase.LoginTest" name="TC_002_verifyLoginFunctionalitywithValidUsernameandInvalidPassword" time="28.822"/>
  <system-out/>
  <testcase classname="com.test.testcase.LoginTest" name="TC_003_verifyLoginFunctionalitywithInvalidUsernameandValidPassword" time="25.849"/>
  <system-out/>
  <testcase classname="com.test.testcase.LoginTest" name="TC_004_verifyLoginFunctionalitywithInvalidUsernameandInvalidPassword" time="26.690"/>
  <system-out/>
</testsuite> <!-- com.test.testcase.LoginTest -->
